<?xml version="1.0" encoding="UTF-8"?>
<!-- Generated by org.testng.reporters.JUnitXMLReporter -->
<testsuite ignored="1" hostname="DESKTOP-GFO15FD" failures="0" tests="7" name="Test" time="59.787" errors="0" timestamp="14 oct. 2022 01:36:16 GMT">
  <testcase classname="cucumber.api.testng.AbstractTestNGCucumberTests" name="runScenario" time="18.794"/>
  <testcase classname="cucumber.api.testng.AbstractTestNGCucumberTests" name="runScenario" time="17.311"/>
  <testcase classname="cucumber.api.testng.AbstractTestNGCucumberTests" name="runScenario" time="11.529"/>
  <testcase classname="cucumber.api.testng.AbstractTestNGCucumberTests" name="runScenario" time="11.74"/>
  <testcase classname="tests.Test1" name="Login" time="0.002"/>
  <testcase classname="tests.Test1" name="Proof" time="0.002"/>
  <testcase classname="tests.Test1" name="Register" time="0.002"/>
  <testcase classname="tests.Test1" name="BuyRecord" time="0.0">
    <ignored/>
  </testcase> <!-- BuyRecord -->
</testsuite> <!-- Test -->
