<?xml version="1.0" encoding="UTF-8"?>
<!-- Generated by org.testng.reporters.JUnitXMLReporter -->
<testsuite ignored="0" hostname="DESKTOP-GFO15FD" failures="0" tests="4" name="Test" time="46.54" errors="0" timestamp="23 sep. 2022 22:32:35 GMT">
  <testcase classname="testAutomation.TestRunner.TestRunner" name="feature" time="12.038"/>
  <testcase classname="testAutomation.TestRunner.TestRunner" name="feature" time="11.346"/>
  <testcase classname="testAutomation.TestRunner.TestRunner" name="feature" time="11.537"/>
  <testcase classname="testAutomation.TestRunner.TestRunner" name="feature" time="11.272"/>
</testsuite> <!-- Test -->
