<?xml version="1.0" encoding="UTF-8"?>
<testng-results ignored="1" total="8" passed="7" failed="0" skipped="0">
  <reporter-output>
  </reporter-output>
  <suite started-at="2022-09-30T16:41:04Z" name="Suite" finished-at="2022-09-30T16:41:53Z" duration-ms="49406">
    <groups>
      <group name="cucumber">
        <method signature="AbstractTestNGCucumberTests.runScenario(cucumber.api.testng.PickleEventWrapper, cucumber.api.testng.CucumberFeatureWrapper)[pri:0, instance:testAutomation.TestRunner.TestRunner@c7ba306]" name="runScenario" class="cucumber.api.testng.AbstractTestNGCucumberTests"/>
      </group> <!-- cucumber -->
    </groups>
    <test started-at="2022-09-30T16:41:04Z" name="Test" finished-at="2022-09-30T16:41:53Z" duration-ms="49406">
      <class name="testAutomation.TestRunner.TestRunner">
        <test-method is-config="true" signature="setUpClass()[pri:0, instance:testAutomation.TestRunner.TestRunner@c7ba306]" started-at="2022-09-30T16:41:04Z" name="setUpClass" finished-at="2022-09-30T16:41:04Z" duration-ms="192" status="PASS">
          <reporter-output>
          </reporter-output>
        </test-method> <!-- setUpClass -->
        <test-method signature="runScenario(cucumber.api.testng.PickleEventWrapper, cucumber.api.testng.CucumberFeatureWrapper)[pri:0, instance:testAutomation.TestRunner.TestRunner@c7ba306]" started-at="2022-09-30T16:41:04Z" name="runScenario" description="Runs Cucumber Scenarios" data-provider="scenarios" finished-at="2022-09-30T16:41:15Z" duration-ms="11096" status="PASS">
          <params>
            <param index="0">
              <value>
                <![CDATA["Login with valid credentials"]]>
              </value>
            </param>
            <param index="1">
              <value>
                <![CDATA["Login to App"]]>
              </value>
            </param>
          </params>
          <reporter-output>
          </reporter-output>
        </test-method> <!-- runScenario -->
        <test-method signature="runScenario(cucumber.api.testng.PickleEventWrapper, cucumber.api.testng.CucumberFeatureWrapper)[pri:0, instance:testAutomation.TestRunner.TestRunner@c7ba306]" started-at="2022-09-30T16:41:15Z" name="runScenario" description="Runs Cucumber Scenarios" data-provider="scenarios" finished-at="2022-09-30T16:41:31Z" duration-ms="15305" status="PASS">
          <params>
            <param index="0">
              <value>
                <![CDATA["Login with invalid credentials"]]>
              </value>
            </param>
            <param index="1">
              <value>
                <![CDATA["Login to App"]]>
              </value>
            </param>
          </params>
          <reporter-output>
          </reporter-output>
        </test-method> <!-- runScenario -->
        <test-method signature="runScenario(cucumber.api.testng.PickleEventWrapper, cucumber.api.testng.CucumberFeatureWrapper)[pri:0, instance:testAutomation.TestRunner.TestRunner@c7ba306]" started-at="2022-09-30T16:41:31Z" name="runScenario" description="Runs Cucumber Scenarios" data-provider="scenarios" finished-at="2022-09-30T16:41:42Z" duration-ms="11456" status="PASS">
          <params>
            <param index="0">
              <value>
                <![CDATA["Testing good and bad creds login"]]>
              </value>
            </param>
            <param index="1">
              <value>
                <![CDATA["Purchase the order from Ecommerce website"]]>
              </value>
            </param>
          </params>
          <reporter-output>
          </reporter-output>
        </test-method> <!-- runScenario -->
        <test-method signature="runScenario(cucumber.api.testng.PickleEventWrapper, cucumber.api.testng.CucumberFeatureWrapper)[pri:0, instance:testAutomation.TestRunner.TestRunner@c7ba306]" started-at="2022-09-30T16:41:42Z" name="runScenario" description="Runs Cucumber Scenarios" data-provider="scenarios" finished-at="2022-09-30T16:41:53Z" duration-ms="11161" status="PASS">
          <params>
            <param index="0">
              <value>
                <![CDATA["Testing good and bad creds login"]]>
              </value>
            </param>
            <param index="1">
              <value>
                <![CDATA["Purchase the order from Ecommerce website"]]>
              </value>
            </param>
          </params>
          <reporter-output>
          </reporter-output>
        </test-method> <!-- runScenario -->
        <test-method is-config="true" signature="tearDownClass()[pri:0, instance:testAutomation.TestRunner.TestRunner@c7ba306]" started-at="2022-09-30T16:41:53Z" name="tearDownClass" finished-at="2022-09-30T16:41:53Z" duration-ms="61" status="PASS">
          <reporter-output>
          </reporter-output>
        </test-method> <!-- tearDownClass -->
      </class> <!-- testAutomation.TestRunner.TestRunner -->
      <class name="tests.Test1">
        <test-method signature="Login()[pri:0, instance:tests.Test1@4ff8d125]" started-at="2022-09-30T16:41:53Z" name="Login" finished-at="2022-09-30T16:41:53Z" duration-ms="2" status="PASS">
          <reporter-output>
          </reporter-output>
        </test-method> <!-- Login -->
        <test-method signature="Proof()[pri:0, instance:tests.Test1@4ff8d125]" started-at="2022-09-30T16:41:53Z" name="Proof" finished-at="2022-09-30T16:41:53Z" duration-ms="2" status="PASS">
          <reporter-output>
          </reporter-output>
        </test-method> <!-- Proof -->
        <test-method signature="Register()[pri:0, instance:tests.Test1@4ff8d125]" started-at="2022-09-30T16:41:53Z" name="Register" finished-at="2022-09-30T16:41:53Z" duration-ms="1" status="PASS">
          <reporter-output>
          </reporter-output>
        </test-method> <!-- Register -->
      </class> <!-- tests.Test1 -->
    </test> <!-- Test -->
  </suite> <!-- Suite -->
</testng-results>
