<?xml version="1.0" encoding="UTF-8"?>
<testng-results ignored="1" total="8" passed="7" failed="0" skipped="0">
  <reporter-output>
  </reporter-output>
  <suite started-at="2022-09-30T18:54:38Z" name="Suite" finished-at="2022-09-30T18:55:34Z" duration-ms="56015">
    <groups>
      <group name="cucumber">
        <method signature="AbstractTestNGCucumberTests.runScenario(cucumber.api.testng.PickleEventWrapper, cucumber.api.testng.CucumberFeatureWrapper)[pri:0, instance:testAutomation.TestRunner.TestRunner@c7ba306]" name="runScenario" class="cucumber.api.testng.AbstractTestNGCucumberTests"/>
      </group> <!-- cucumber -->
    </groups>
    <test started-at="2022-09-30T18:54:38Z" name="Test" finished-at="2022-09-30T18:55:34Z" duration-ms="56015">
      <class name="testAutomation.TestRunner.TestRunner">
        <test-method is-config="true" signature="setUpClass()[pri:0, instance:testAutomation.TestRunner.TestRunner@c7ba306]" started-at="2022-09-30T18:54:38Z" name="setUpClass" finished-at="2022-09-30T18:54:38Z" duration-ms="259" status="PASS">
          <reporter-output>
          </reporter-output>
        </test-method> <!-- setUpClass -->
        <test-method signature="runScenario(cucumber.api.testng.PickleEventWrapper, cucumber.api.testng.CucumberFeatureWrapper)[pri:0, instance:testAutomation.TestRunner.TestRunner@c7ba306]" started-at="2022-09-30T18:54:39Z" name="runScenario" description="Runs Cucumber Scenarios" data-provider="scenarios" finished-at="2022-09-30T18:54:51Z" duration-ms="12434" status="PASS">
          <params>
            <param index="0">
              <value>
                <![CDATA["Login with valid credentials"]]>
              </value>
            </param>
            <param index="1">
              <value>
                <![CDATA["Login to App"]]>
              </value>
            </param>
          </params>
          <reporter-output>
          </reporter-output>
        </test-method> <!-- runScenario -->
        <test-method signature="runScenario(cucumber.api.testng.PickleEventWrapper, cucumber.api.testng.CucumberFeatureWrapper)[pri:0, instance:testAutomation.TestRunner.TestRunner@c7ba306]" started-at="2022-09-30T18:54:51Z" name="runScenario" description="Runs Cucumber Scenarios" data-provider="scenarios" finished-at="2022-09-30T18:55:09Z" duration-ms="18397" status="PASS">
          <params>
            <param index="0">
              <value>
                <![CDATA["Login with invalid credentials"]]>
              </value>
            </param>
            <param index="1">
              <value>
                <![CDATA["Login to App"]]>
              </value>
            </param>
          </params>
          <reporter-output>
          </reporter-output>
        </test-method> <!-- runScenario -->
        <test-method signature="runScenario(cucumber.api.testng.PickleEventWrapper, cucumber.api.testng.CucumberFeatureWrapper)[pri:0, instance:testAutomation.TestRunner.TestRunner@c7ba306]" started-at="2022-09-30T18:55:09Z" name="runScenario" description="Runs Cucumber Scenarios" data-provider="scenarios" finished-at="2022-09-30T18:55:22Z" duration-ms="12522" status="PASS">
          <params>
            <param index="0">
              <value>
                <![CDATA["Testing good and bad creds login"]]>
              </value>
            </param>
            <param index="1">
              <value>
                <![CDATA["Purchase the order from Ecommerce website"]]>
              </value>
            </param>
          </params>
          <reporter-output>
          </reporter-output>
        </test-method> <!-- runScenario -->
        <test-method signature="runScenario(cucumber.api.testng.PickleEventWrapper, cucumber.api.testng.CucumberFeatureWrapper)[pri:0, instance:testAutomation.TestRunner.TestRunner@c7ba306]" started-at="2022-09-30T18:55:22Z" name="runScenario" description="Runs Cucumber Scenarios" data-provider="scenarios" finished-at="2022-09-30T18:55:34Z" duration-ms="12193" status="PASS">
          <params>
            <param index="0">
              <value>
                <![CDATA["Testing good and bad creds login"]]>
              </value>
            </param>
            <param index="1">
              <value>
                <![CDATA["Purchase the order from Ecommerce website"]]>
              </value>
            </param>
          </params>
          <reporter-output>
          </reporter-output>
        </test-method> <!-- runScenario -->
        <test-method is-config="true" signature="tearDownClass()[pri:0, instance:testAutomation.TestRunner.TestRunner@c7ba306]" started-at="2022-09-30T18:55:34Z" name="tearDownClass" finished-at="2022-09-30T18:55:34Z" duration-ms="62" status="PASS">
          <reporter-output>
          </reporter-output>
        </test-method> <!-- tearDownClass -->
      </class> <!-- testAutomation.TestRunner.TestRunner -->
      <class name="tests.Test1">
        <test-method signature="Login()[pri:0, instance:tests.Test1@4ff8d125]" started-at="2022-09-30T18:55:34Z" name="Login" finished-at="2022-09-30T18:55:34Z" duration-ms="1" status="PASS">
          <reporter-output>
          </reporter-output>
        </test-method> <!-- Login -->
        <test-method signature="Proof()[pri:0, instance:tests.Test1@4ff8d125]" started-at="2022-09-30T18:55:34Z" name="Proof" finished-at="2022-09-30T18:55:34Z" duration-ms="1" status="PASS">
          <reporter-output>
          </reporter-output>
        </test-method> <!-- Proof -->
        <test-method signature="Register()[pri:0, instance:tests.Test1@4ff8d125]" started-at="2022-09-30T18:55:34Z" name="Register" finished-at="2022-09-30T18:55:34Z" duration-ms="1" status="PASS">
          <reporter-output>
          </reporter-output>
        </test-method> <!-- Register -->
      </class> <!-- tests.Test1 -->
    </test> <!-- Test -->
  </suite> <!-- Suite -->
</testng-results>
